TN:
SF:/home/worker/Desktop/16_BA_Dellmann/Application/test/test.js
FN:10,(anonymous_0)
FN:11,(anonymous_1)
FN:15,(anonymous_2)
FN:23,(anonymous_3)
FN:28,(anonymous_4)
FN:30,(anonymous_5)
FN:38,(anonymous_6)
FN:53,(anonymous_7)
FN:55,(anonymous_8)
FN:65,(anonymous_9)
FN:80,(anonymous_10)
FN:82,(anonymous_11)
FN:92,(anonymous_12)
FN:104,(anonymous_13)
FN:106,(anonymous_14)
FN:115,(anonymous_15)
FN:127,(anonymous_16)
FN:129,(anonymous_17)
FN:139,(anonymous_18)
FN:144,(anonymous_19)
FN:146,(anonymous_20)
FN:161,(anonymous_21)
FN:165,(anonymous_22)
FN:170,(anonymous_23)
FN:172,(anonymous_24)
FN:189,getUpdates
FN:193,(anonymous_26)
FN:198,(anonymous_27)
FNF:28
FNH:28
FNDA:1,(anonymous_0)
FNDA:1,(anonymous_1)
FNDA:1,(anonymous_2)
FNDA:1,(anonymous_3)
FNDA:1,(anonymous_4)
FNDA:1,(anonymous_5)
FNDA:1,(anonymous_6)
FNDA:1,(anonymous_7)
FNDA:1,(anonymous_8)
FNDA:1,(anonymous_9)
FNDA:1,(anonymous_10)
FNDA:1,(anonymous_11)
FNDA:1,(anonymous_12)
FNDA:1,(anonymous_13)
FNDA:1,(anonymous_14)
FNDA:1,(anonymous_15)
FNDA:1,(anonymous_16)
FNDA:1,(anonymous_17)
FNDA:1,(anonymous_18)
FNDA:1,(anonymous_19)
FNDA:1,(anonymous_20)
FNDA:1,(anonymous_21)
FNDA:1,(anonymous_22)
FNDA:1,(anonymous_23)
FNDA:1,(anonymous_24)
FNDA:7,getUpdates
FNDA:7,(anonymous_26)
FNDA:2,(anonymous_27)
DA:1,1
DA:2,1
DA:3,1
DA:4,1
DA:5,1
DA:6,1
DA:7,1
DA:10,1
DA:11,1
DA:12,1
DA:16,1
DA:17,1
DA:18,1
DA:19,1
DA:23,1
DA:24,1
DA:25,1
DA:29,1
DA:30,1
DA:31,1
DA:32,1
DA:33,1
DA:38,1
DA:39,1
DA:40,1
DA:50,1
DA:54,1
DA:55,1
DA:56,1
DA:57,1
DA:58,1
DA:60,1
DA:61,1
DA:65,1
DA:66,1
DA:67,1
DA:77,1
DA:81,1
DA:82,1
DA:83,1
DA:84,1
DA:85,1
DA:87,1
DA:88,1
DA:92,1
DA:93,1
DA:94,1
DA:100,1
DA:101,1
DA:106,1
DA:107,1
DA:108,1
DA:110,1
DA:115,1
DA:116,1
DA:117,1
DA:123,1
DA:124,1
DA:128,1
DA:129,1
DA:130,1
DA:131,1
DA:132,1
DA:134,1
DA:139,1
DA:140,1
DA:141,1
DA:145,1
DA:146,1
DA:147,1
DA:148,1
DA:149,1
DA:150,1
DA:151,1
DA:152,1
DA:153,1
DA:155,1
DA:156,1
DA:161,1
DA:162,1
DA:166,1
DA:167,1
DA:171,1
DA:172,1
DA:173,1
DA:174,1
DA:175,1
DA:176,1
DA:177,1
DA:179,1
DA:180,1
DA:190,7
DA:194,7
DA:198,1
DA:199,2
DA:200,2
DA:201,2
DA:202,2
DA:204,2
LF:99
LH:99
BRF:0
BRH:0
end_of_record
